<?xml version="1.0" encoding="UTF-8"?>
<!-- Generated by org.testng.reporters.JUnitReportReporter -->
<testsuite hostname="DESKTOP-HBGLQ0J" failures="0" tests="1" name="testCases.TC003_TitleTest" time="0.840" errors="0" timestamp="2024-10-12T11:20:06 IST" skipped="0">
  <testcase classname="testCases.TC003_TitleTest" name="verify_login" time="0.840"/>
</testsuite> <!-- testCases.TC003_TitleTest -->
