<?xml version="1.0" encoding="UTF-8"?>
<!-- Generated by org.testng.reporters.JUnitReportReporter -->
<testsuite hostname="DESKTOP-HBGLQ0J" failures="0" tests="1" name="testCases.TC001_AccountRegistrationTest" time="2.224" errors="0" timestamp="2024-10-09T20:14:24 IST" skipped="0">
  <testcase classname="testCases.TC001_AccountRegistrationTest" name="verify_account_registration" time="2.224"/>
</testsuite> <!-- testCases.TC001_AccountRegistrationTest -->
