<?xml version="1.0" encoding="UTF-8"?>
<!-- Generated by org.testng.reporters.JUnitReportReporter -->
<testsuite hostname="DESKTOP-HBGLQ0J" failures="0" tests="1" name="testCases.TC002_LoginTest" time="1.066" errors="0" timestamp="2024-10-12T11:20:06 IST" skipped="0">
  <testcase classname="testCases.TC002_LoginTest" name="verify_login" time="1.066"/>
</testsuite> <!-- testCases.TC002_LoginTest -->
